<?xml version="1.0" encoding="UTF-8"?>
<testsuite name="Field class tests" tests="6" skipped="0" failures="0" errors="0" timestamp="2021-11-21T19:11:00" hostname="b550m" time="0.011">
  <properties/>
  <testcase name="integer attributes not integers" classname="FieldTest" time="0.003"/>
  <testcase name="copy constructor" classname="FieldTest" time="0.002"/>
  <testcase name="constructor from XML fragment" classname="FieldTest" time="0.001"/>
  <testcase name="value" classname="FieldTest" time="0.001"/>
  <testcase name="wrong pattern throws exception" classname="FieldTest" time="0.001"/>
  <testcase name="pattern match" classname="FieldTest" time="0.001"/>
  <system-out><![CDATA[]]></system-out>
  <system-err><![CDATA[]]></system-err>
</testsuite>
