<?xml version="1.0" encoding="UTF-8"?>
<testsuite name="Atom class tests" tests="2" skipped="0" failures="0" errors="0" timestamp="2021-11-21T19:11:00" hostname="b550m" time="0.031">
  <properties/>
  <testcase name="copy constructor" classname="AtomTest" time="0.03"/>
  <testcase name="constructor" classname="AtomTest" time="0.001"/>
  <system-out><![CDATA[]]></system-out>
  <system-err><![CDATA[]]></system-err>
</testsuite>
