<?xml version="1.0" encoding="UTF-8"?>
<testsuite name="Reader class tests" tests="2" skipped="0" failures="0" errors="0" timestamp="2021-11-21T19:11:00" hostname="b550m" time="0.007">
  <properties/>
  <testcase name="constructor" classname="ReaderTest" time="0.003"/>
  <testcase name="iterator" classname="ReaderTest" time="0.004"/>
  <system-out><![CDATA[]]></system-out>
  <system-err><![CDATA[]]></system-err>
</testsuite>
